2026-01-26 00:20:33 INFO  Utils:112 - [TestNG] Running:
  C:\Users\2457265\Downloads\HIC_Automation_Framework_POD5\testng.xml

2026-01-26 00:20:33 INFO  FormUIValidationTest:39 - Config file loaded successfully
2026-01-26 00:20:33 INFO  FormUIValidationTest:52 - Test Suite Started
2026-01-26 00:20:33 INFO  ExtentReportUtility:48 - Extent Report initialized: Test-Report-2026.01.26.00.20.33.html
2026-01-26 00:20:36 INFO  FormUIValidationTest:85 - chromebrowser launched
2026-01-26 00:20:37 INFO  FormUIValidationTest:91 - Navigated to: https://yalanuwu.github.io/Health-Index-Calculator
2026-01-26 00:20:37 INFO  ExtentReportUtility:64 - Test Started
2026-01-26 00:20:38 INFO  ExtentReportUtility:71 - Test Passed: testHeadingAppearance
2026-01-26 00:20:41 INFO  FormFieldValidationTest:85 - chromebrowser launched
2026-01-26 00:20:42 INFO  FormFieldValidationTest:91 - Navigated to: https://yalanuwu.github.io/Health-Index-Calculator
2026-01-26 00:20:43 INFO  ExtentReportUtility:64 - Test Started
2026-01-26 00:20:44 INFO  FormFieldValidationTest:15 - Input Form Submitted with valid data
2026-01-26 00:20:44 INFO  FormFieldValidationTest:15 - Reset Button Clicked
2026-01-26 00:20:44 INFO  ExtentReportUtility:71 - Test Passed: testInputFieldsWithValidData
2026-01-26 00:20:44 INFO  ExtentReportUtility:64 - Test Started
2026-01-26 00:20:45 INFO  FormFieldValidationTest:15 - Input Form Submitted with valid data
2026-01-26 00:20:45 INFO  FormFieldValidationTest:15 - Reset Button Clicked
2026-01-26 00:20:45 INFO  ExtentReportUtility:71 - Test Passed: testInputFieldsWithValidData
2026-01-26 00:20:45 INFO  ExtentReportUtility:64 - Test Started
2026-01-26 00:20:46 INFO  FormFieldValidationTest:15 - Input Form Submitted with valid data
2026-01-26 00:20:46 INFO  FormFieldValidationTest:15 - Reset Button Clicked
2026-01-26 00:20:46 INFO  ExtentReportUtility:71 - Test Passed: testInputFieldsWithValidData
2026-01-26 00:20:46 INFO  ExtentReportUtility:64 - Test Started
2026-01-26 00:20:47 INFO  FormFieldValidationTest:15 - Input Form Submitted with valid data
2026-01-26 00:20:47 INFO  FormFieldValidationTest:15 - Reset Button Clicked
2026-01-26 00:20:47 INFO  ExtentReportUtility:71 - Test Passed: testInputFieldsWithValidData
2026-01-26 00:20:47 INFO  ExtentReportUtility:64 - Test Started
2026-01-26 00:20:48 INFO  FormFieldValidationTest:15 - Input Form Submitted with valid data
2026-01-26 00:20:48 INFO  FormFieldValidationTest:15 - Reset Button Clicked
2026-01-26 00:20:48 INFO  ExtentReportUtility:71 - Test Passed: testInputFieldsWithValidData
2026-01-26 00:20:48 INFO  ExtentReportUtility:64 - Test Started
2026-01-26 00:20:49 INFO  FormFieldValidationTest:15 - Input Form Submitted with valid data
2026-01-26 00:20:49 INFO  FormFieldValidationTest:15 - Reset Button Clicked
2026-01-26 00:20:49 INFO  ExtentReportUtility:71 - Test Passed: testInputFieldsWithValidData
2026-01-26 00:20:49 INFO  ExtentReportUtility:64 - Test Started
2026-01-26 00:20:50 INFO  FormFieldValidationTest:15 - Input Form Submitted with valid data
2026-01-26 00:20:50 INFO  FormFieldValidationTest:15 - Reset Button Clicked
2026-01-26 00:20:50 INFO  ExtentReportUtility:71 - Test Passed: testInputFieldsWithValidData
2026-01-26 00:20:50 INFO  ExtentReportUtility:64 - Test Started
2026-01-26 00:20:51 INFO  FormFieldValidationTest:15 - Input Form Submitted with valid data
2026-01-26 00:20:51 INFO  FormFieldValidationTest:15 - Reset Button Clicked
2026-01-26 00:20:51 INFO  ExtentReportUtility:71 - Test Passed: testInputFieldsWithValidData
2026-01-26 00:20:51 INFO  ExtentReportUtility:64 - Test Started
2026-01-26 00:20:52 INFO  FormFieldValidationTest:15 - Input Form Submitted with valid data
2026-01-26 00:20:52 INFO  FormFieldValidationTest:15 - Reset Button Clicked
2026-01-26 00:20:52 INFO  ExtentReportUtility:71 - Test Passed: testInputFieldsWithValidData
2026-01-26 00:20:52 INFO  ExtentReportUtility:64 - Test Started
2026-01-26 00:20:53 INFO  FormFieldValidationTest:15 - Input Form Submitted with valid data
2026-01-26 00:20:53 INFO  FormFieldValidationTest:15 - Reset Button Clicked
2026-01-26 00:20:53 INFO  ExtentReportUtility:71 - Test Passed: testInputFieldsWithValidData
2026-01-26 00:20:53 INFO  ExtentReportUtility:64 - Test Started
2026-01-26 00:20:53 INFO  FormFieldValidationTest:15 - Input Form Submitted with valid data
2026-01-26 00:20:54 INFO  FormFieldValidationTest:15 - Reset Button Clicked
2026-01-26 00:20:54 INFO  ExtentReportUtility:71 - Test Passed: testInputFieldsWithValidData
2026-01-26 00:20:54 INFO  ExtentReportUtility:64 - Test Started
2026-01-26 00:20:54 INFO  FormFieldValidationTest:15 - Input Form Submitted with valid data
2026-01-26 00:20:55 INFO  FormFieldValidationTest:15 - Reset Button Clicked
2026-01-26 00:20:55 INFO  ExtentReportUtility:71 - Test Passed: testInputFieldsWithValidData
2026-01-26 00:20:55 INFO  ExtentReportUtility:64 - Test Started
2026-01-26 00:20:55 INFO  FormFieldValidationTest:15 - Input Form Submitted with valid data
2026-01-26 00:20:56 INFO  FormFieldValidationTest:15 - Reset Button Clicked
2026-01-26 00:20:56 INFO  ExtentReportUtility:71 - Test Passed: testInputFieldsWithValidData
2026-01-26 00:20:56 INFO  ExtentReportUtility:64 - Test Started
2026-01-26 00:20:56 INFO  FormFieldValidationTest:15 - Input Form Submitted with valid data
2026-01-26 00:20:56 INFO  FormFieldValidationTest:15 - Reset Button Clicked
2026-01-26 00:20:56 INFO  ExtentReportUtility:71 - Test Passed: testInputFieldsWithValidData
2026-01-26 00:20:56 INFO  ExtentReportUtility:64 - Test Started
2026-01-26 00:20:57 INFO  FormFieldValidationTest:15 - Input Form Submitted with valid data
2026-01-26 00:20:57 INFO  FormFieldValidationTest:15 - Reset Button Clicked
2026-01-26 00:20:57 INFO  ExtentReportUtility:71 - Test Passed: testInputFieldsWithValidData
2026-01-26 00:20:57 INFO  ExtentReportUtility:64 - Test Started
2026-01-26 00:20:58 INFO  FormFieldValidationTest:15 - Input Form Submitted with valid data
2026-01-26 00:20:58 INFO  FormFieldValidationTest:15 - Reset Button Clicked
2026-01-26 00:20:58 INFO  ExtentReportUtility:71 - Test Passed: testInputFieldsWithValidData
2026-01-26 00:20:58 INFO  ExtentReportUtility:64 - Test Started
2026-01-26 00:20:59 INFO  FormFieldValidationTest:15 - Input Form Submitted with valid data
2026-01-26 00:20:59 INFO  FormFieldValidationTest:15 - Reset Button Clicked
2026-01-26 00:20:59 INFO  ExtentReportUtility:71 - Test Passed: testInputFieldsWithValidData
2026-01-26 00:20:59 INFO  ExtentReportUtility:64 - Test Started
2026-01-26 00:21:00 INFO  FormFieldValidationTest:15 - Input Form Submitted with valid data
2026-01-26 00:21:00 INFO  FormFieldValidationTest:15 - Reset Button Clicked
2026-01-26 00:21:00 INFO  ExtentReportUtility:71 - Test Passed: testInputFieldsWithValidData
2026-01-26 00:21:00 INFO  ExtentReportUtility:64 - Test Started
2026-01-26 00:21:01 INFO  FormFieldValidationTest:15 - Input Form Submitted with valid data
2026-01-26 00:21:01 INFO  FormFieldValidationTest:15 - Reset Button Clicked
2026-01-26 00:21:01 INFO  ExtentReportUtility:71 - Test Passed: testInputFieldsWithValidData
2026-01-26 00:21:01 INFO  ExtentReportUtility:64 - Test Started
2026-01-26 00:21:02 INFO  FormFieldValidationTest:15 - Input Form Submitted with valid data
2026-01-26 00:21:02 INFO  FormFieldValidationTest:15 - Reset Button Clicked
2026-01-26 00:21:02 INFO  ExtentReportUtility:71 - Test Passed: testInputFieldsWithValidData
2026-01-26 00:21:02 INFO  ExtentReportUtility:64 - Test Started
2026-01-26 00:21:03 INFO  FormFieldValidationTest:15 - Input Form Submitted with valid data
2026-01-26 00:21:03 INFO  FormFieldValidationTest:15 - Reset Button Clicked
2026-01-26 00:21:03 INFO  ExtentReportUtility:71 - Test Passed: testInputFieldsWithValidData
2026-01-26 00:21:03 INFO  ExtentReportUtility:64 - Test Started
2026-01-26 00:21:04 INFO  FormFieldValidationTest:15 - Input Form Submitted with valid data
2026-01-26 00:21:04 INFO  FormFieldValidationTest:15 - Reset Button Clicked
2026-01-26 00:21:04 INFO  ExtentReportUtility:71 - Test Passed: testInputFieldsWithValidData
2026-01-26 00:21:04 INFO  ExtentReportUtility:64 - Test Started
2026-01-26 00:21:04 INFO  FormFieldValidationTest:15 - Input Form Submitted with valid data
2026-01-26 00:21:05 INFO  FormFieldValidationTest:15 - Reset Button Clicked
2026-01-26 00:21:05 INFO  ExtentReportUtility:71 - Test Passed: testInputFieldsWithValidData
2026-01-26 00:21:07 INFO  ResultUIValidationTest:85 - chromebrowser launched
2026-01-26 00:21:11 INFO  ResultUIValidationTest:91 - Navigated to: https://yalanuwu.github.io/Health-Index-Calculator
2026-01-26 00:21:11 INFO  ExtentReportUtility:64 - Test Started
2026-01-26 00:21:12 INFO  ExtentReportUtility:71 - Test Passed: resultCardUiValidation
2026-01-26 00:21:14 INFO  ScoreValidationTest:85 - chromebrowser launched
2026-01-26 00:21:16 INFO  ScoreValidationTest:91 - Navigated to: https://yalanuwu.github.io/Health-Index-Calculator
2026-01-26 00:21:16 INFO  ExtentReportUtility:64 - Test Started
2026-01-26 00:21:17 INFO  ScoreValidationTest:15 - Input form submitted
2026-01-26 00:21:17 INFO  ScoreValidationTest:15 - Reset Button Clicked
2026-01-26 00:21:17 INFO  ExtentReportUtility:71 - Test Passed: ScoreValidation
2026-01-26 00:21:18 INFO  ExtentReportUtility:64 - Test Started
2026-01-26 00:21:19 INFO  ScoreValidationTest:15 - Input form submitted
2026-01-26 00:21:19 INFO  ScoreValidationTest:15 - Reset Button Clicked
2026-01-26 00:21:19 INFO  ExtentReportUtility:71 - Test Passed: ScoreValidation
2026-01-26 00:21:19 INFO  ExtentReportUtility:64 - Test Started
2026-01-26 00:21:20 INFO  ScoreValidationTest:15 - Input form submitted
2026-01-26 00:21:20 INFO  ScoreValidationTest:15 - Reset Button Clicked
2026-01-26 00:21:20 INFO  ExtentReportUtility:71 - Test Passed: ScoreValidation
2026-01-26 00:21:20 INFO  ExtentReportUtility:64 - Test Started
2026-01-26 00:21:21 INFO  ScoreValidationTest:15 - Input form submitted
2026-01-26 00:21:22 INFO  ScoreValidationTest:15 - Reset Button Clicked
2026-01-26 00:21:22 INFO  ExtentReportUtility:71 - Test Passed: ScoreValidation
2026-01-26 00:21:22 INFO  ExtentReportUtility:64 - Test Started
2026-01-26 00:21:23 INFO  ScoreValidationTest:15 - Input form submitted
2026-01-26 00:21:23 INFO  ScoreValidationTest:15 - Reset Button Clicked
2026-01-26 00:21:23 INFO  ExtentReportUtility:71 - Test Passed: ScoreValidation
2026-01-26 00:21:23 INFO  ExtentReportUtility:64 - Test Started
2026-01-26 00:21:24 INFO  ScoreValidationTest:15 - Input form submitted
2026-01-26 00:21:24 INFO  ScoreValidationTest:15 - Reset Button Clicked
2026-01-26 00:21:24 INFO  ExtentReportUtility:71 - Test Passed: ScoreValidation
2026-01-26 00:21:24 INFO  ExtentReportUtility:64 - Test Started
2026-01-26 00:21:25 INFO  ScoreValidationTest:15 - Input form submitted
2026-01-26 00:21:25 INFO  ScoreValidationTest:15 - Reset Button Clicked
2026-01-26 00:21:25 INFO  ExtentReportUtility:71 - Test Passed: ScoreValidation
2026-01-26 00:21:25 INFO  ExtentReportUtility:64 - Test Started
2026-01-26 00:21:26 INFO  ScoreValidationTest:15 - Input form submitted
2026-01-26 00:21:26 INFO  ScoreValidationTest:15 - Reset Button Clicked
2026-01-26 00:21:26 INFO  ExtentReportUtility:71 - Test Passed: ScoreValidation
2026-01-26 00:21:26 INFO  ExtentReportUtility:64 - Test Started
2026-01-26 00:21:27 INFO  ScoreValidationTest:15 - Input form submitted
2026-01-26 00:21:27 INFO  ScoreValidationTest:15 - Reset Button Clicked
2026-01-26 00:21:27 INFO  ExtentReportUtility:71 - Test Passed: ScoreValidation
2026-01-26 00:21:27 INFO  ExtentReportUtility:64 - Test Started
2026-01-26 00:21:28 INFO  ScoreValidationTest:15 - Input form submitted
2026-01-26 00:21:28 INFO  ScoreValidationTest:15 - Reset Button Clicked
2026-01-26 00:21:28 INFO  ExtentReportUtility:71 - Test Passed: ScoreValidation
2026-01-26 00:21:28 INFO  ExtentReportUtility:64 - Test Started
2026-01-26 00:21:29 INFO  ScoreValidationTest:15 - Input form submitted
2026-01-26 00:21:29 INFO  ScoreValidationTest:15 - Reset Button Clicked
2026-01-26 00:21:29 INFO  ExtentReportUtility:71 - Test Passed: ScoreValidation
2026-01-26 00:21:29 INFO  ExtentReportUtility:64 - Test Started
2026-01-26 00:21:30 INFO  ScoreValidationTest:15 - Input form submitted
2026-01-26 00:21:30 INFO  ScoreValidationTest:15 - Reset Button Clicked
2026-01-26 00:21:30 INFO  ExtentReportUtility:71 - Test Passed: ScoreValidation
2026-01-26 00:21:30 INFO  ExtentReportUtility:64 - Test Started
2026-01-26 00:21:31 INFO  ScoreValidationTest:15 - Input form submitted
2026-01-26 00:21:31 INFO  ScoreValidationTest:15 - Reset Button Clicked
2026-01-26 00:21:31 INFO  ExtentReportUtility:71 - Test Passed: ScoreValidation
2026-01-26 00:21:32 INFO  ExtentReportUtility:64 - Test Started
2026-01-26 00:21:32 INFO  ScoreValidationTest:15 - Input form submitted
2026-01-26 00:21:32 INFO  ExtentReportUtility:71 - Test Passed: ScoreValidation
2026-01-26 00:21:32 INFO  ExtentReportUtility:64 - Test Started
2026-01-26 00:21:33 INFO  ScoreValidationTest:15 - Input form submitted
2026-01-26 00:21:34 INFO  ScoreValidationTest:15 - Reset Button Clicked
2026-01-26 00:21:34 INFO  ExtentReportUtility:71 - Test Passed: ScoreValidation
2026-01-26 00:21:34 INFO  ExtentReportUtility:64 - Test Started
2026-01-26 00:21:34 INFO  ScoreValidationTest:15 - Input form submitted
2026-01-26 00:21:34 INFO  ScoreValidationTest:15 - Reset Button Clicked
2026-01-26 00:21:35 INFO  ExtentReportUtility:71 - Test Passed: ScoreValidation
2026-01-26 00:21:35 INFO  ExtentReportUtility:64 - Test Started
2026-01-26 00:21:35 INFO  ScoreValidationTest:15 - Input form submitted
2026-01-26 00:21:35 INFO  ScoreValidationTest:15 - Reset Button Clicked
2026-01-26 00:21:35 INFO  ExtentReportUtility:71 - Test Passed: ScoreValidation
2026-01-26 00:21:35 INFO  ExtentReportUtility:64 - Test Started
2026-01-26 00:21:36 INFO  ScoreValidationTest:15 - Input form submitted
2026-01-26 00:21:37 INFO  ScoreValidationTest:15 - Reset Button Clicked
2026-01-26 00:21:37 INFO  ExtentReportUtility:71 - Test Passed: ScoreValidation
2026-01-26 00:21:37 INFO  ExtentReportUtility:64 - Test Started
2026-01-26 00:21:38 INFO  ScoreValidationTest:15 - Input form submitted
2026-01-26 00:21:38 INFO  ScoreValidationTest:15 - Reset Button Clicked
2026-01-26 00:21:38 INFO  ExtentReportUtility:71 - Test Passed: ScoreValidation
2026-01-26 00:21:38 INFO  ExtentReportUtility:64 - Test Started
2026-01-26 00:21:39 INFO  ScoreValidationTest:15 - Input form submitted
2026-01-26 00:21:39 INFO  ScoreValidationTest:15 - Reset Button Clicked
2026-01-26 00:21:39 INFO  ExtentReportUtility:71 - Test Passed: ScoreValidation
2026-01-26 00:21:39 INFO  ExtentReportUtility:64 - Test Started
2026-01-26 00:21:40 INFO  ScoreValidationTest:15 - Input form submitted
2026-01-26 00:21:40 INFO  ScoreValidationTest:15 - Reset Button Clicked
2026-01-26 00:21:40 INFO  ExtentReportUtility:71 - Test Passed: ScoreValidation
2026-01-26 00:21:40 INFO  ExtentReportUtility:64 - Test Started
2026-01-26 00:21:41 INFO  ExtentReportUtility:71 - Test Passed: testInputFieldsPresence
2026-01-26 00:21:41 INFO  ExtentReportUtility:64 - Test Started
2026-01-26 00:21:42 INFO  FormFieldValidationTest:15 - Input Form submitted with invalid data
2026-01-26 00:21:42 INFO  FormFieldValidationTest:15 - Name Field validation passed.
2026-01-26 00:21:42 INFO  ExtentReportUtility:71 - Test Passed: testInputFieldsWithInvalidData
2026-01-26 00:21:42 INFO  ExtentReportUtility:64 - Test Started
2026-01-26 00:21:42 INFO  FormFieldValidationTest:15 - Input Form submitted with invalid data
2026-01-26 00:21:43 INFO  FormFieldValidationTest:15 - Name Field validation passed.
2026-01-26 00:21:43 INFO  ExtentReportUtility:71 - Test Passed: testInputFieldsWithInvalidData
2026-01-26 00:21:43 INFO  ExtentReportUtility:64 - Test Started
2026-01-26 00:21:43 INFO  FormFieldValidationTest:15 - Input Form submitted with invalid data
2026-01-26 00:21:43 INFO  FormFieldValidationTest:15 - Name Field validation passed.
2026-01-26 00:21:43 INFO  ExtentReportUtility:71 - Test Passed: testInputFieldsWithInvalidData
2026-01-26 00:21:43 INFO  ExtentReportUtility:64 - Test Started
2026-01-26 00:21:44 INFO  FormFieldValidationTest:15 - Input Form submitted with invalid data
2026-01-26 00:21:44 INFO  FormFieldValidationTest:15 - Reset Button Clicked
2026-01-26 00:21:44 ERROR ExtentReportUtility:78 - Test Failed: testInputFieldsWithInvalidData - java.lang.AssertionError: Unexpected result card displayed for InvalidName Field
2026-01-26 00:21:45 INFO  ExtentReportUtility:118 - Screenshot captured for test: testInputFieldsWithInvalidData
2026-01-26 00:21:45 INFO  ExtentReportUtility:84 - Screenshot attached for failed test: screenshots/testInputFieldsWithInvalidData_20260126_002144.png
2026-01-26 00:21:45 INFO  ExtentReportUtility:64 - Test Started
2026-01-26 00:21:45 INFO  FormFieldValidationTest:15 - Input Form submitted with invalid data
2026-01-26 00:21:45 INFO  FormFieldValidationTest:15 - Name Field validation passed.
2026-01-26 00:21:45 INFO  ExtentReportUtility:71 - Test Passed: testInputFieldsWithInvalidData
2026-01-26 00:21:45 INFO  ExtentReportUtility:64 - Test Started
2026-01-26 00:21:46 INFO  FormFieldValidationTest:15 - Input Form submitted with invalid data
2026-01-26 00:21:46 INFO  FormFieldValidationTest:15 - Name Field validation passed.
2026-01-26 00:21:46 INFO  ExtentReportUtility:71 - Test Passed: testInputFieldsWithInvalidData
2026-01-26 00:21:46 INFO  ExtentReportUtility:64 - Test Started
2026-01-26 00:21:47 INFO  FormFieldValidationTest:15 - Input Form submitted with invalid data
2026-01-26 00:21:47 INFO  FormFieldValidationTest:15 - Name Field validation passed.
2026-01-26 00:21:47 INFO  ExtentReportUtility:71 - Test Passed: testInputFieldsWithInvalidData
2026-01-26 00:21:47 INFO  ExtentReportUtility:64 - Test Started
2026-01-26 00:21:48 INFO  FormFieldValidationTest:15 - Input Form submitted with invalid data
2026-01-26 00:21:48 INFO  FormFieldValidationTest:15 - Age Field validation passed.
2026-01-26 00:21:48 INFO  ExtentReportUtility:71 - Test Passed: testInputFieldsWithInvalidData
2026-01-26 00:21:48 INFO  ExtentReportUtility:64 - Test Started
2026-01-26 00:21:49 INFO  FormFieldValidationTest:15 - Input Form submitted with invalid data
2026-01-26 00:21:49 INFO  FormFieldValidationTest:15 - Age Field validation passed.
2026-01-26 00:21:49 INFO  ExtentReportUtility:71 - Test Passed: testInputFieldsWithInvalidData
2026-01-26 00:21:49 INFO  ExtentReportUtility:64 - Test Started
2026-01-26 00:21:50 INFO  FormFieldValidationTest:15 - Input Form submitted with invalid data
2026-01-26 00:21:50 INFO  FormFieldValidationTest:15 - Age Field validation passed.
2026-01-26 00:21:50 INFO  ExtentReportUtility:71 - Test Passed: testInputFieldsWithInvalidData
2026-01-26 00:21:50 INFO  ExtentReportUtility:64 - Test Started
2026-01-26 00:21:51 INFO  FormFieldValidationTest:15 - Input Form submitted with invalid data
2026-01-26 00:21:51 INFO  FormFieldValidationTest:15 - Age Field validation passed.
2026-01-26 00:21:51 INFO  ExtentReportUtility:71 - Test Passed: testInputFieldsWithInvalidData
2026-01-26 00:21:51 INFO  ExtentReportUtility:64 - Test Started
2026-01-26 00:21:52 INFO  FormFieldValidationTest:15 - Input Form submitted with invalid data
2026-01-26 00:21:52 INFO  FormFieldValidationTest:15 - Age Field validation passed.
2026-01-26 00:21:52 INFO  ExtentReportUtility:71 - Test Passed: testInputFieldsWithInvalidData
2026-01-26 00:21:52 INFO  ExtentReportUtility:64 - Test Started
2026-01-26 00:21:53 INFO  FormFieldValidationTest:15 - Input Form submitted with invalid data
2026-01-26 00:21:53 INFO  FormFieldValidationTest:15 - Reset Button Clicked
2026-01-26 00:21:53 ERROR ExtentReportUtility:78 - Test Failed: testInputFieldsWithInvalidData - java.lang.AssertionError: Unexpected result card displayed for InvalidAge Field
2026-01-26 00:21:53 INFO  ExtentReportUtility:118 - Screenshot captured for test: testInputFieldsWithInvalidData
2026-01-26 00:21:53 INFO  ExtentReportUtility:84 - Screenshot attached for failed test: screenshots/testInputFieldsWithInvalidData_20260126_002153.png
2026-01-26 00:21:53 INFO  ExtentReportUtility:64 - Test Started
2026-01-26 00:22:04 INFO  FormFieldValidationTest:15 - Input Form submitted with invalid data
2026-01-26 00:22:04 INFO  FormFieldValidationTest:15 - Pulse Field validation passed.
2026-01-26 00:22:04 INFO  ExtentReportUtility:71 - Test Passed: testInputFieldsWithInvalidData
2026-01-26 00:22:04 INFO  ExtentReportUtility:64 - Test Started
2026-01-26 00:22:05 INFO  FormFieldValidationTest:15 - Input Form submitted with invalid data
2026-01-26 00:22:05 INFO  FormFieldValidationTest:15 - Pulse Field validation passed.
2026-01-26 00:22:05 INFO  ExtentReportUtility:71 - Test Passed: testInputFieldsWithInvalidData
2026-01-26 00:22:05 INFO  ExtentReportUtility:64 - Test Started
2026-01-26 00:22:05 INFO  FormFieldValidationTest:15 - Input Form submitted with invalid data
2026-01-26 00:22:05 INFO  FormFieldValidationTest:15 - Systolic BP Field validation passed.
2026-01-26 00:22:05 INFO  ExtentReportUtility:71 - Test Passed: testInputFieldsWithInvalidData
2026-01-26 00:22:06 INFO  ExtentReportUtility:64 - Test Started
2026-01-26 00:22:06 INFO  FormFieldValidationTest:15 - Input Form submitted with invalid data
2026-01-26 00:22:06 INFO  FormFieldValidationTest:15 - Systolic BP Field validation passed.
2026-01-26 00:22:06 INFO  ExtentReportUtility:71 - Test Passed: testInputFieldsWithInvalidData
2026-01-26 00:22:06 INFO  ExtentReportUtility:64 - Test Started
2026-01-26 00:22:07 INFO  FormFieldValidationTest:15 - Input Form submitted with invalid data
2026-01-26 00:22:07 INFO  FormFieldValidationTest:15 - Systolic BP Field validation passed.
2026-01-26 00:22:07 INFO  ExtentReportUtility:71 - Test Passed: testInputFieldsWithInvalidData
2026-01-26 00:22:07 INFO  ExtentReportUtility:64 - Test Started
2026-01-26 00:22:08 INFO  FormFieldValidationTest:15 - Input Form submitted with invalid data
2026-01-26 00:22:08 INFO  FormFieldValidationTest:15 - Systolic BP Field validation passed.
2026-01-26 00:22:08 INFO  ExtentReportUtility:71 - Test Passed: testInputFieldsWithInvalidData
2026-01-26 00:22:08 INFO  ExtentReportUtility:64 - Test Started
2026-01-26 00:22:09 INFO  FormFieldValidationTest:15 - Input Form submitted with invalid data
2026-01-26 00:22:09 INFO  FormFieldValidationTest:15 - Systolic BP Field validation passed.
2026-01-26 00:22:09 INFO  ExtentReportUtility:71 - Test Passed: testInputFieldsWithInvalidData
2026-01-26 00:22:09 INFO  ExtentReportUtility:64 - Test Started
2026-01-26 00:22:10 INFO  FormFieldValidationTest:15 - Input Form submitted with invalid data
2026-01-26 00:22:10 INFO  FormFieldValidationTest:15 - Systolic BP Field validation passed.
2026-01-26 00:22:10 INFO  ExtentReportUtility:71 - Test Passed: testInputFieldsWithInvalidData
2026-01-26 00:22:10 INFO  ExtentReportUtility:64 - Test Started
2026-01-26 00:22:10 INFO  FormFieldValidationTest:15 - Input Form submitted with invalid data
2026-01-26 00:22:10 INFO  FormFieldValidationTest:15 - Diastolic BP Field validation passed.
2026-01-26 00:22:10 INFO  ExtentReportUtility:71 - Test Passed: testInputFieldsWithInvalidData
2026-01-26 00:22:10 INFO  ExtentReportUtility:64 - Test Started
2026-01-26 00:22:11 INFO  FormFieldValidationTest:15 - Input Form submitted with invalid data
2026-01-26 00:22:11 INFO  FormFieldValidationTest:15 - Diastolic BP Field validation passed.
2026-01-26 00:22:11 INFO  ExtentReportUtility:71 - Test Passed: testInputFieldsWithInvalidData
2026-01-26 00:22:11 INFO  ExtentReportUtility:64 - Test Started
2026-01-26 00:22:12 INFO  FormFieldValidationTest:15 - Input Form submitted with invalid data
2026-01-26 00:22:12 INFO  FormFieldValidationTest:15 - Diastolic BP Field validation passed.
2026-01-26 00:22:12 INFO  ExtentReportUtility:71 - Test Passed: testInputFieldsWithInvalidData
2026-01-26 00:22:12 INFO  ExtentReportUtility:64 - Test Started
2026-01-26 00:22:12 INFO  FormFieldValidationTest:15 - Input Form submitted with invalid data
2026-01-26 00:22:12 INFO  FormFieldValidationTest:15 - Diastolic BP Field validation passed.
2026-01-26 00:22:12 INFO  ExtentReportUtility:71 - Test Passed: testInputFieldsWithInvalidData
2026-01-26 00:22:12 INFO  ExtentReportUtility:64 - Test Started
2026-01-26 00:22:13 INFO  FormFieldValidationTest:15 - Input Form submitted with invalid data
2026-01-26 00:22:13 INFO  FormFieldValidationTest:15 - Diastolic BP Field validation passed.
2026-01-26 00:22:13 INFO  ExtentReportUtility:71 - Test Passed: testInputFieldsWithInvalidData
2026-01-26 00:22:13 INFO  ExtentReportUtility:64 - Test Started
2026-01-26 00:22:14 INFO  FormFieldValidationTest:15 - Input Form submitted with invalid data
2026-01-26 00:22:14 INFO  FormFieldValidationTest:15 - Diastolic BP Field validation passed.
2026-01-26 00:22:14 INFO  ExtentReportUtility:71 - Test Passed: testInputFieldsWithInvalidData
2026-01-26 00:22:17 INFO  FormFieldValidationTest:15 - Browser closed
2026-01-26 00:22:17 INFO  ExtentReportUtility:64 - Test Started
2026-01-26 00:22:18 INFO  ExtentReportUtility:71 - Test Passed: summaryCardUIValidation
2026-01-26 00:22:21 INFO  ResultUIValidationTest:15 - Browser closed
2026-01-26 00:22:21 INFO  ExtentReportUtility:64 - Test Started
2026-01-26 00:22:22 INFO  ScoreValidationTest:15 - Input form submitted
2026-01-26 00:22:24 INFO  ScoreValidationTest:15 - Reset Button Clicked
2026-01-26 00:22:24 INFO  ExtentReportUtility:71 - Test Passed: OverallHealthScoreValidation
2026-01-26 00:22:24 INFO  ExtentReportUtility:64 - Test Started
2026-01-26 00:22:25 INFO  ScoreValidationTest:15 - Input form submitted
2026-01-26 00:22:25 INFO  ScoreValidationTest:15 - Unexpected Alert found: Values you provided are not ideal. Consult a doctor
2026-01-26 00:22:25 ERROR ExtentReportUtility:78 - Test Failed: OverallHealthScoreValidation - java.lang.AssertionError: Test Failed: Unexpected Alert [Values you provided are not ideal. Consult a doctor] appeared for 2
2026-01-26 00:22:26 INFO  ExtentReportUtility:118 - Screenshot captured for test: OverallHealthScoreValidation
2026-01-26 00:22:26 INFO  ExtentReportUtility:84 - Screenshot attached for failed test: screenshots/OverallHealthScoreValidation_20260126_002226.png
2026-01-26 00:22:26 INFO  ExtentReportUtility:64 - Test Started
2026-01-26 00:22:26 INFO  ScoreValidationTest:15 - Input form submitted
2026-01-26 00:22:29 INFO  ScoreValidationTest:15 - Reset Button Clicked
2026-01-26 00:22:29 INFO  ExtentReportUtility:71 - Test Passed: OverallHealthScoreValidation
2026-01-26 00:22:29 INFO  ExtentReportUtility:64 - Test Started
2026-01-26 00:22:30 INFO  ScoreValidationTest:15 - Input form submitted
2026-01-26 00:22:32 INFO  ScoreValidationTest:15 - Reset Button Clicked
2026-01-26 00:22:32 INFO  ExtentReportUtility:71 - Test Passed: OverallHealthScoreValidation
2026-01-26 00:22:32 INFO  ExtentReportUtility:64 - Test Started
2026-01-26 00:22:32 INFO  ScoreValidationTest:15 - Input form submitted
2026-01-26 00:22:35 INFO  ScoreValidationTest:15 - Reset Button Clicked
2026-01-26 00:22:35 INFO  ExtentReportUtility:71 - Test Passed: OverallHealthScoreValidation
2026-01-26 00:22:38 INFO  ScoreValidationTest:15 - Browser closed
2026-01-26 00:22:38 INFO  ExtentReportUtility:64 - Test Started
2026-01-26 00:22:39 INFO  ExtentReportUtility:71 - Test Passed: testFormSubmissionResult
2026-01-26 00:22:43 INFO  FormUIValidationTest:15 - Browser closed
2026-01-26 00:22:43 INFO  ExtentReportUtility:99 - Extent Report flushed.
